This file contains any messages produced by compilers while
running configure, to aid debugging if configure makes a mistake.

It was created by SimScheduler configure 1.0, which was
generated by GNU Autoconf 2.69.  Invocation command line was

  $ ./configure --enable-graphics

## --------- ##
## Platform. ##
## --------- ##

hostname = hotline
uname -m = x86_64
uname -r = 3.5.4-gentoo
uname -s = Linux
uname -v = #1 SMP Sun Sep 30 09:52:31 PDT 2012

/usr/bin/uname -p = Intel(R) Core(TM) i3 CPU M 350 @ 2.27GHz
/bin/uname -X     = unknown

/bin/arch              = unknown
/usr/bin/arch -k       = unknown
/usr/convex/getsysinfo = unknown
/usr/bin/hostinfo      = unknown
/bin/machine           = unknown
/usr/bin/oslevel       = unknown
/bin/universe          = unknown

PATH: /usr/lib/ccache/bin
PATH: /usr/lib/distcc/bin
PATH: /usr/local/bin
PATH: /usr/bin
PATH: /bin
PATH: /opt/bin
PATH: /usr/x86_64-pc-linux-gnu/gcc-bin/4.7.2
PATH: /usr/games/bin


## ----------- ##
## Core tests. ##
## ----------- ##

configure:2130: checking for gcc
configure:2146: found /usr/lib/ccache/bin/gcc
configure:2157: result: gcc
configure:2386: checking for C compiler version
configure:2395: gcc --version >&5
gcc (Gentoo 4.7.2 p1.0, pie-0.5.3) 4.7.2
Copyright (C) 2012 Free Software Foundation, Inc.
This is free software; see the source for copying conditions.  There is NO
warranty; not even for MERCHANTABILITY or FITNESS FOR A PARTICULAR PURPOSE.

configure:2406: $? = 0
configure:2395: gcc -v >&5
Using built-in specs.
COLLECT_GCC=/usr/x86_64-pc-linux-gnu/gcc-bin/4.7.2/gcc
COLLECT_LTO_WRAPPER=/usr/libexec/gcc/x86_64-pc-linux-gnu/4.7.2/lto-wrapper
Target: x86_64-pc-linux-gnu
Configured with: /var/tmp/portage/sys-devel/gcc-4.7.2/work/gcc-4.7.2/configure --prefix=/usr --bindir=/usr/x86_64-pc-linux-gnu/gcc-bin/4.7.2 --includedir=/usr/lib/gcc/x86_64-pc-linux-gnu/4.7.2/include --datadir=/usr/share/gcc-data/x86_64-pc-linux-gnu/4.7.2 --mandir=/usr/share/gcc-data/x86_64-pc-linux-gnu/4.7.2/man --infodir=/usr/share/gcc-data/x86_64-pc-linux-gnu/4.7.2/info --with-gxx-include-dir=/usr/lib/gcc/x86_64-pc-linux-gnu/4.7.2/include/g++-v4 --host=x86_64-pc-linux-gnu --build=x86_64-pc-linux-gnu --disable-altivec --disable-fixed-point --with-ppl --with-cloog --disable-ppl-version-check --with-cloog-include=/usr/include/cloog-ppl --enable-lto --disable-nls --with-system-zlib --enable-obsolete --disable-werror --enable-secureplt --enable-multilib --with-multilib-list=m32,m64 --enable-libmudflap --disable-libssp --enable-libgomp --with-python-dir=/share/gcc-data/x86_64-pc-linux-gnu/4.7.2/python --enable-checking=release --disable-libgcj --enable-languages=c,c++,fortran --enable-shared --enable-threads=posix --enable-__cxa_atexit --enable-clocale=gnu --enable-targets=all --with-bugurl=http://bugs.gentoo.org/ --with-pkgversion='Gentoo 4.7.2 p1.0, pie-0.5.3'
Thread model: posix
gcc version 4.7.2 (Gentoo 4.7.2 p1.0, pie-0.5.3) 
configure:2406: $? = 0
configure:2395: gcc -V >&5
gcc: error: unrecognized command line option '-V'
gcc: fatal error: no input files
compilation terminated.
distcc[28908] ERROR: compile (null) on localhost failed
configure:2406: $? = 1
configure:2395: gcc -qversion >&5
gcc: error: unrecognized command line option '-qversion'
gcc: fatal error: no input files
compilation terminated.
distcc[28917] ERROR: compile (null) on localhost failed
configure:2406: $? = 1
configure:2426: checking whether the C compiler works
configure:2448: gcc    conftest.c  >&5
configure:2452: $? = 0
configure:2500: result: yes
configure:2503: checking for C compiler default output file name
configure:2505: result: a.out
configure:2511: checking for suffix of executables
configure:2518: gcc -o conftest    conftest.c  >&5
configure:2522: $? = 0
configure:2544: result: 
configure:2566: checking whether we are cross compiling
configure:2574: gcc -o conftest    conftest.c  >&5
configure:2578: $? = 0
configure:2585: ./conftest
configure:2589: $? = 0
configure:2604: result: no
configure:2609: checking for suffix of object files
configure:2631: gcc -c   conftest.c >&5
configure:2635: $? = 0
configure:2656: result: o
configure:2660: checking whether we are using the GNU C compiler
configure:2679: gcc -c   conftest.c >&5
configure:2679: $? = 0
configure:2688: result: yes
configure:2697: checking whether gcc accepts -g
configure:2717: gcc -c -g  conftest.c >&5
configure:2717: $? = 0
configure:2758: result: yes
configure:2775: checking for gcc option to accept ISO C89
configure:2838: gcc  -c -g -O2  conftest.c >&5
configure:2838: $? = 0
configure:2851: result: none needed
configure:2872: checking whether gcc and cc understand -c and -o together
configure:2903: gcc -c conftest.c -o conftest2.o >&5
configure:2907: $? = 0
configure:2913: gcc -c conftest.c -o conftest2.o >&5
configure:2917: $? = 0
configure:2928: cc -c conftest.c >&5
configure:2932: $? = 0
configure:2940: cc -c conftest.c -o conftest2.o >&5
configure:2944: $? = 0
configure:2950: cc -c conftest.c -o conftest2.o >&5
configure:2954: $? = 0
configure:2972: result: yes
configure:3102: checking for pkg-config
configure:3120: found /usr/bin/pkg-config
configure:3132: result: /usr/bin/pkg-config
configure:3157: checking pkg-config is at least version 0.9.0
configure:3160: result: yes
configure:3172: checking for SDL
configure:3179: $PKG_CONFIG --exists --print-errors "sdl"
configure:3182: $? = 0
configure:3196: $PKG_CONFIG --exists --print-errors "sdl"
configure:3199: $? = 0
configure:3237: result: yes
configure:3243: checking for FTGL
configure:3250: $PKG_CONFIG --exists --print-errors "ftgl"
configure:3253: $? = 0
configure:3267: $PKG_CONFIG --exists --print-errors "ftgl"
configure:3270: $? = 0
configure:3308: result: yes
configure:3314: checking for ASSIMP
configure:3321: $PKG_CONFIG --exists --print-errors "assimp"
configure:3324: $? = 0
configure:3338: $PKG_CONFIG --exists --print-errors "assimp"
configure:3341: $? = 0
configure:3379: result: yes
configure:3428: checking how to run the C preprocessor
configure:3459: gcc -E  conftest.c
configure:3459: $? = 0
configure:3473: gcc -E  conftest.c
conftest.c:10:28: fatal error: ac_nonexistent.h: No such file or directory
compilation terminated.
distcc[29032] ERROR: compile (null) on localhost failed
configure:3473: $? = 1
configure: failed program was:
| /* confdefs.h */
| #define PACKAGE_NAME "SimScheduler"
| #define PACKAGE_TARNAME "simscheduler"
| #define PACKAGE_VERSION "1.0"
| #define PACKAGE_STRING "SimScheduler 1.0"
| #define PACKAGE_BUGREPORT "oteodoro@uci.edu"
| #define PACKAGE_URL ""
| #define GRAPHICS 1
| /* end confdefs.h.  */
| #include <ac_nonexistent.h>
configure:3498: result: gcc -E
configure:3518: gcc -E  conftest.c
configure:3518: $? = 0
configure:3532: gcc -E  conftest.c
conftest.c:10:28: fatal error: ac_nonexistent.h: No such file or directory
compilation terminated.
distcc[29048] ERROR: compile (null) on localhost failed
configure:3532: $? = 1
configure: failed program was:
| /* confdefs.h */
| #define PACKAGE_NAME "SimScheduler"
| #define PACKAGE_TARNAME "simscheduler"
| #define PACKAGE_VERSION "1.0"
| #define PACKAGE_STRING "SimScheduler 1.0"
| #define PACKAGE_BUGREPORT "oteodoro@uci.edu"
| #define PACKAGE_URL ""
| #define GRAPHICS 1
| /* end confdefs.h.  */
| #include <ac_nonexistent.h>
configure:3561: checking for grep that handles long lines and -e
configure:3619: result: /bin/grep
configure:3624: checking for egrep
configure:3686: result: /bin/grep -E
configure:3691: checking for ANSI C header files
configure:3711: gcc -c -g -O2  conftest.c >&5
configure:3711: $? = 0
configure:3784: gcc -o conftest -g -O2   conftest.c  >&5
configure:3784: $? = 0
configure:3784: ./conftest
configure:3784: $? = 0
configure:3795: result: yes
configure:3808: checking for sys/types.h
configure:3808: gcc -c -g -O2  conftest.c >&5
configure:3808: $? = 0
configure:3808: result: yes
configure:3808: checking for sys/stat.h
configure:3808: gcc -c -g -O2  conftest.c >&5
configure:3808: $? = 0
configure:3808: result: yes
configure:3808: checking for stdlib.h
configure:3808: gcc -c -g -O2  conftest.c >&5
configure:3808: $? = 0
configure:3808: result: yes
configure:3808: checking for string.h
configure:3808: gcc -c -g -O2  conftest.c >&5
configure:3808: $? = 0
configure:3808: result: yes
configure:3808: checking for memory.h
configure:3808: gcc -c -g -O2  conftest.c >&5
configure:3808: $? = 0
configure:3808: result: yes
configure:3808: checking for strings.h
configure:3808: gcc -c -g -O2  conftest.c >&5
configure:3808: $? = 0
configure:3808: result: yes
configure:3808: checking for inttypes.h
configure:3808: gcc -c -g -O2  conftest.c >&5
configure:3808: $? = 0
configure:3808: result: yes
configure:3808: checking for stdint.h
configure:3808: gcc -c -g -O2  conftest.c >&5
configure:3808: $? = 0
configure:3808: result: yes
configure:3808: checking for unistd.h
configure:3808: gcc -c -g -O2  conftest.c >&5
configure:3808: $? = 0
configure:3808: result: yes
configure:3823: checking stdio.h usability
configure:3823: gcc -c -g -O2  conftest.c >&5
configure:3823: $? = 0
configure:3823: result: yes
configure:3823: checking stdio.h presence
configure:3823: gcc -E  conftest.c
configure:3823: $? = 0
configure:3823: result: yes
configure:3823: checking for stdio.h
configure:3823: result: yes
configure:3823: checking for stdlib.h
configure:3823: result: yes
configure:3823: checking stdarg.h usability
configure:3823: gcc -c -g -O2  conftest.c >&5
configure:3823: $? = 0
configure:3823: result: yes
configure:3823: checking stdarg.h presence
configure:3823: gcc -E  conftest.c
configure:3823: $? = 0
configure:3823: result: yes
configure:3823: checking for stdarg.h
configure:3823: result: yes
configure:3823: checking for string.h
configure:3823: result: yes
configure:3823: checking for unistd.h
configure:3823: result: yes
configure:3835: checking for inline
configure:3851: gcc -c -g -O2  conftest.c >&5
configure:3851: $? = 0
configure:3859: result: inline
configure:3881: checking for stdlib.h
configure:3881: result: yes
configure:3891: checking for GNU libc compatible malloc
configure:3915: gcc -o conftest -g -O2   conftest.c  >&5
configure:3915: $? = 0
configure:3915: ./conftest
configure:3915: $? = 0
configure:3925: result: yes
configure:3948: checking for stdlib.h
configure:3948: result: yes
configure:3958: checking for GNU libc compatible realloc
configure:3982: gcc -o conftest -g -O2   conftest.c  >&5
configure:3982: $? = 0
configure:3982: ./conftest
configure:3982: $? = 0
configure:3992: result: yes
configure:4059: checking for a BSD-compatible install
configure:4127: result: /usr/bin/install -c
configure:4138: checking whether build environment is sane
configure:4188: result: yes
configure:4213: WARNING: `missing' script is too old or missing
configure:4326: checking for a thread-safe mkdir -p
configure:4365: result: /bin/mkdir -p
configure:4378: checking for gawk
configure:4394: found /usr/bin/gawk
configure:4405: result: gawk
configure:4416: checking whether make sets $(MAKE)
configure:4438: result: yes
configure:4468: checking for style of include used by make
configure:4496: result: GNU
configure:4582: checking dependency style of gcc
configure:4693: result: gcc3
configure:4862: creating ./config.status

## ---------------------- ##
## Running config.status. ##
## ---------------------- ##

This file was extended by SimScheduler config.status 1.0, which was
generated by GNU Autoconf 2.69.  Invocation command line was

  CONFIG_FILES    = 
  CONFIG_HEADERS  = 
  CONFIG_LINKS    = 
  CONFIG_COMMANDS = 
  $ ./config.status 

on hotline

config.status:879: creating Makefile
config.status:879: creating src/Makefile
config.status:879: creating config.h
config.status:1060: config.h is unchanged
config.status:1108: executing depfiles commands

## ---------------- ##
## Cache variables. ##
## ---------------- ##

ac_cv_c_compiler_gnu=yes
ac_cv_c_inline=inline
ac_cv_env_ASSIMP_CFLAGS_set=
ac_cv_env_ASSIMP_CFLAGS_value=
ac_cv_env_ASSIMP_LIBS_set=
ac_cv_env_ASSIMP_LIBS_value=
ac_cv_env_CC_set=
ac_cv_env_CC_value=
ac_cv_env_CFLAGS_set=
ac_cv_env_CFLAGS_value=
ac_cv_env_CPPFLAGS_set=
ac_cv_env_CPPFLAGS_value=
ac_cv_env_CPP_set=
ac_cv_env_CPP_value=
ac_cv_env_FTGL_CFLAGS_set=
ac_cv_env_FTGL_CFLAGS_value=
ac_cv_env_FTGL_LIBS_set=
ac_cv_env_FTGL_LIBS_value=
ac_cv_env_LDFLAGS_set=
ac_cv_env_LDFLAGS_value=
ac_cv_env_LIBS_set=
ac_cv_env_LIBS_value=
ac_cv_env_PKG_CONFIG_LIBDIR_set=
ac_cv_env_PKG_CONFIG_LIBDIR_value=
ac_cv_env_PKG_CONFIG_PATH_set=
ac_cv_env_PKG_CONFIG_PATH_value=
ac_cv_env_PKG_CONFIG_set=
ac_cv_env_PKG_CONFIG_value=
ac_cv_env_SDL_CFLAGS_set=
ac_cv_env_SDL_CFLAGS_value=
ac_cv_env_SDL_LIBS_set=
ac_cv_env_SDL_LIBS_value=
ac_cv_env_build_alias_set=
ac_cv_env_build_alias_value=
ac_cv_env_host_alias_set=
ac_cv_env_host_alias_value=
ac_cv_env_target_alias_set=
ac_cv_env_target_alias_value=
ac_cv_func_malloc_0_nonnull=yes
ac_cv_func_realloc_0_nonnull=yes
ac_cv_header_inttypes_h=yes
ac_cv_header_memory_h=yes
ac_cv_header_stdarg_h=yes
ac_cv_header_stdc=yes
ac_cv_header_stdint_h=yes
ac_cv_header_stdio_h=yes
ac_cv_header_stdlib_h=yes
ac_cv_header_string_h=yes
ac_cv_header_strings_h=yes
ac_cv_header_sys_stat_h=yes
ac_cv_header_sys_types_h=yes
ac_cv_header_unistd_h=yes
ac_cv_objext=o
ac_cv_path_EGREP='/bin/grep -E'
ac_cv_path_GREP=/bin/grep
ac_cv_path_ac_pt_PKG_CONFIG=/usr/bin/pkg-config
ac_cv_path_install='/usr/bin/install -c'
ac_cv_path_mkdir=/bin/mkdir
ac_cv_prog_AWK=gawk
ac_cv_prog_CPP='gcc -E'
ac_cv_prog_ac_ct_CC=gcc
ac_cv_prog_cc_c89=
ac_cv_prog_cc_g=yes
ac_cv_prog_cc_gcc_c_o=yes
ac_cv_prog_make_make_set=yes
am_cv_CC_dependencies_compiler_type=gcc3
pkg_cv_ASSIMP_CFLAGS='-I/usr/include/assimp  '
pkg_cv_ASSIMP_LIBS='-L/usr/lib -lassimp  '
pkg_cv_FTGL_CFLAGS='-I/usr/include/FTGL -I/usr/include/freetype2  '
pkg_cv_FTGL_LIBS='-lftgl  '
pkg_cv_SDL_CFLAGS='-D_GNU_SOURCE=1 -D_REENTRANT -I/usr/include/SDL  '
pkg_cv_SDL_LIBS='-lSDL -lpthread  '

## ----------------- ##
## Output variables. ##
## ----------------- ##

ACLOCAL='aclocal-1.11'
AMDEPBACKSLASH='\'
AMDEP_FALSE='#'
AMDEP_TRUE=''
AMTAR='$${TAR-tar}'
ASSIMP_CFLAGS='-I/usr/include/assimp  '
ASSIMP_LIBS='-L/usr/lib -lassimp  '
AUTOCONF='autoconf'
AUTOHEADER='autoheader'
AUTOMAKE='automake-1.11'
AWK='gawk'
CC='gcc'
CCDEPMODE='depmode=gcc3'
CFLAGS='-g -O2'
CPP='gcc -E'
CPPFLAGS=''
CYGPATH_W='echo'
DEBUG_FALSE=''
DEBUG_TRUE='#'
DEFS='-DHAVE_CONFIG_H'
DEPDIR='.deps'
ECHO_C=''
ECHO_N='-n'
ECHO_T=''
EGREP='/bin/grep -E'
EXEEXT=''
FTGL_CFLAGS='-I/usr/include/FTGL -I/usr/include/freetype2  '
FTGL_LIBS='-lftgl  '
GENERICBUILD_FALSE=''
GENERICBUILD_TRUE='#'
GRAPHICS_FALSE='#'
GRAPHICS_TRUE=''
GREP='/bin/grep'
INSTALL_DATA='${INSTALL} -m 644'
INSTALL_PROGRAM='${INSTALL}'
INSTALL_SCRIPT='${INSTALL}'
INSTALL_STRIP_PROGRAM='$(install_sh) -c -s'
LDFLAGS=''
LIBOBJS=''
LIBS=''
LTLIBOBJS=''
MAKEINFO='makeinfo'
MKDIR_P='/bin/mkdir -p'
OBJEXT='o'
OPENMP_FALSE=''
OPENMP_LIBS=''
OPENMP_TRUE='#'
PACKAGE='simscheduler'
PACKAGE_BUGREPORT='oteodoro@uci.edu'
PACKAGE_NAME='SimScheduler'
PACKAGE_STRING='SimScheduler 1.0'
PACKAGE_TARNAME='simscheduler'
PACKAGE_URL=''
PACKAGE_VERSION='1.0'
PATH_SEPARATOR=':'
PKG_CONFIG='/usr/bin/pkg-config'
PKG_CONFIG_LIBDIR=''
PKG_CONFIG_PATH=''
SDL_CFLAGS='-D_GNU_SOURCE=1 -D_REENTRANT -I/usr/include/SDL  '
SDL_LIBS='-lSDL -lpthread  '
SET_MAKE=''
SHELL='/bin/sh'
STRIP=''
TESTS_FALSE=''
TESTS_TRUE='#'
VERSION='1.0'
ac_ct_CC='gcc'
am__EXEEXT_FALSE=''
am__EXEEXT_TRUE='#'
am__fastdepCC_FALSE='#'
am__fastdepCC_TRUE=''
am__include='include'
am__isrc=''
am__leading_dot='.'
am__nodep='_no'
am__quote=''
am__tar='$${TAR-tar} chof - "$$tardir"'
am__untar='$${TAR-tar} xf -'
bindir='${exec_prefix}/bin'
build_alias=''
datadir='${datarootdir}'
datarootdir='${prefix}/share'
docdir='${datarootdir}/doc/${PACKAGE_TARNAME}'
dvidir='${docdir}'
exec_prefix='${prefix}'
host_alias=''
htmldir='${docdir}'
includedir='${prefix}/include'
infodir='${datarootdir}/info'
install_sh='${SHELL} /home/orson/install-sh'
libdir='${exec_prefix}/lib'
libexecdir='${exec_prefix}/libexec'
localedir='${datarootdir}/locale'
localstatedir='${prefix}/var'
mandir='${datarootdir}/man'
mkdir_p='/bin/mkdir -p'
oldincludedir='/usr/include'
pdfdir='${docdir}'
prefix='/usr/local'
program_transform_name='s,x,x,'
psdir='${docdir}'
sbindir='${exec_prefix}/sbin'
sharedstatedir='${prefix}/com'
sysconfdir='${prefix}/etc'
target_alias=''

## ----------- ##
## confdefs.h. ##
## ----------- ##

/* confdefs.h */
#define PACKAGE_NAME "SimScheduler"
#define PACKAGE_TARNAME "simscheduler"
#define PACKAGE_VERSION "1.0"
#define PACKAGE_STRING "SimScheduler 1.0"
#define PACKAGE_BUGREPORT "oteodoro@uci.edu"
#define PACKAGE_URL ""
#define GRAPHICS 1
#define STDC_HEADERS 1
#define HAVE_SYS_TYPES_H 1
#define HAVE_SYS_STAT_H 1
#define HAVE_STDLIB_H 1
#define HAVE_STRING_H 1
#define HAVE_MEMORY_H 1
#define HAVE_STRINGS_H 1
#define HAVE_INTTYPES_H 1
#define HAVE_STDINT_H 1
#define HAVE_UNISTD_H 1
#define HAVE_STDIO_H 1
#define HAVE_STDLIB_H 1
#define HAVE_STDARG_H 1
#define HAVE_STRING_H 1
#define HAVE_UNISTD_H 1
#define HAVE_STDLIB_H 1
#define HAVE_MALLOC 1
#define HAVE_STDLIB_H 1
#define HAVE_REALLOC 1
#define PACKAGE "simscheduler"
#define VERSION "1.0"

configure: exit 0

## ---------------------- ##
## Running config.status. ##
## ---------------------- ##

This file was extended by SimScheduler config.status 1.0, which was
generated by GNU Autoconf 2.69.  Invocation command line was

  CONFIG_FILES    = 
  CONFIG_HEADERS  = 
  CONFIG_LINKS    = 
  CONFIG_COMMANDS = 
  $ ./config.status config.h

on hotline

config.status:879: creating config.h
config.status:1060: config.h is unchanged
