C:\TEMP\SIMSCHEDULER\DEBUG\SIMSCHEDULER.EXE
C:\TEMP\SIMSCHEDULER\DEBUG\SIMSCHEDULER.ILK
C:\TEMP\SIMSCHEDULER\DEBUG\SIMSCHEDULER.PDB
C:\temp\SimScheduler\SimScheduler\Debug\cl.command.1.tlog
C:\temp\SimScheduler\SimScheduler\Debug\CL.read.1.tlog
C:\temp\SimScheduler\SimScheduler\Debug\CL.write.1.tlog
C:\temp\SimScheduler\SimScheduler\Debug\link.command.1.tlog
C:\temp\SimScheduler\SimScheduler\Debug\link.read.1.tlog
C:\temp\SimScheduler\SimScheduler\Debug\link.write.1.tlog
C:\TEMP\SIMSCHEDULER\SIMSCHEDULER\DEBUG\MAIN.OBJ
C:\temp\SimScheduler\SimScheduler\Debug\mt.command.1.tlog
C:\temp\SimScheduler\SimScheduler\Debug\mt.read.1.tlog
C:\temp\SimScheduler\SimScheduler\Debug\mt.write.1.tlog
C:\TEMP\SIMSCHEDULER\SIMSCHEDULER\DEBUG\PROCESS.OBJ
C:\TEMP\SIMSCHEDULER\SIMSCHEDULER\DEBUG\PROCESSLIST.OBJ
C:\TEMP\SIMSCHEDULER\SIMSCHEDULER\DEBUG\SCHEDSYS.OBJ
C:\TEMP\SIMSCHEDULER\SIMSCHEDULER\DEBUG\SCHEDSYSGL.OBJ
C:\TEMP\SIMSCHEDULER\SIMSCHEDULER\DEBUG\SIMSCHEDULER.EXE.INTERMEDIATE.MANIFEST
C:\TEMP\SIMSCHEDULER\SIMSCHEDULER\DEBUG\TINYLIST.OBJ
C:\TEMP\SIMSCHEDULER\SIMSCHEDULER\DEBUG\TINYOQ.OBJ
C:\TEMP\SIMSCHEDULER\SIMSCHEDULER\DEBUG\TINYPRIOQ.OBJ
C:\TEMP\SIMSCHEDULER\SIMSCHEDULER\DEBUG\TINYQUEUE.OBJ
C:\temp\SimScheduler\SimScheduler\Debug\vc100.idb
C:\TEMP\SIMSCHEDULER\SIMSCHEDULER\DEBUG\VC100.PDB
